
> rental-frontend@0.1.0 dev
> next dev

   ▲ Next.js 15.3.4
   - Local:        http://localhost:3000
   - Network:      http://192.168.29.190:3000
   - Environments: .env.local

 ✓ Starting...
 ✓ Ready in 1810ms
 ○ Compiling / ...
 ✓ Compiled / in 938ms (1099 modules)
 GET / 200 in 1189ms
 GET / 200 in 56ms
 ○ Compiling /dashboard ...
 ✓ Compiled /dashboard in 531ms (1124 modules)
 GET /dashboard 200 in 597ms
 GET /dashboard 200 in 11ms
 ✓ Compiled /login in 400ms (1462 modules)
 GET /login 200 in 469ms
 GET /login 200 in 9ms
 GET /dashboard 200 in 10ms
 ✓ Compiled /_not-found in 197ms (1466 modules)
 GET /reports 404 in 229ms
 GET /reports 404 in 120ms
 GET /dashboard 200 in 29ms
